2025-08-12 11:13:56,918 - stock_predictor - INFO - Logging initialized. Log file: logs/stock_predictor_20250812_111356.log
2025-08-12 11:13:56,920 - stock_predictor.models.hyperparameters - INFO - Hyperparameters loaded for arima
2025-08-12 11:13:56,921 - stock_predictor.models.hyperparameters - INFO - Hyperparameters loaded for lstm
2025-08-12 11:13:56,922 - stock_predictor.models.hyperparameters - INFO - Hyperparameters loaded for random_forest
2025-08-12 11:13:56,922 - stock_predictor - INFO - Stock Predictor Application initialized
2025-08-12 11:13:56,922 - stock_predictor - INFO - Starting full pipeline for AAPL
2025-08-12 11:13:56,923 - stock_predictor - INFO - Fetching data for AAPL
2025-08-12 11:13:56,923 - stock_predictor.data.fetcher - INFO - Fetching data for AAPL from 2022-08-13 to 2025-08-12
2025-08-12 11:13:57,574 - stock_predictor.data.fetcher - INFO - Successfully fetched 750 records for AAPL
2025-08-12 11:13:57,574 - stock_predictor - INFO - Preprocessing data
2025-08-12 11:13:57,574 - stock_predictor.data.preprocessor - INFO - Handling missing values
2025-08-12 11:13:57,576 - stock_predictor.data.preprocessor - INFO - Handling outliers using method: cap
2025-08-12 11:13:57,577 - stock_predictor - INFO - Engineering features
2025-08-12 11:13:57,577 - stock_predictor.data.feature_engineer - INFO - Engineering all features
2025-08-12 11:13:57,577 - stock_predictor.data.feature_engineer - INFO - Creating moving averages with windows: [5, 10, 20]
2025-08-12 11:13:57,579 - stock_predictor.data.feature_engineer - INFO - Calculating volatility with window: 20
2025-08-12 11:13:57,580 - stock_predictor.data.feature_engineer - INFO - Creating lagged features with lags: [1, 2, 3]
2025-08-12 11:13:57,582 - stock_predictor.data.feature_engineer - INFO - Creating technical indicators
2025-08-12 11:13:57,587 - stock_predictor.data.feature_engineer - INFO - Created 36 features
2025-08-12 11:13:57,587 - stock_predictor.data.feature_engineer - INFO - Creating target variable: next_close, horizon: 1
2025-08-12 11:13:57,589 - stock_predictor - INFO - Data preparation completed. Final dataset: 729 samples, 46 features
2025-08-12 11:13:57,589 - stock_predictor - INFO - Data splits - Train: 510, Val: 109, Test: 110
2025-08-12 11:13:57,589 - stock_predictor - INFO - Starting model training
2025-08-12 11:13:57,590 - stock_predictor - INFO - Training arima model
2025-08-12 11:13:57,591 - stock_predictor.models.hyperparameters - INFO - Hyperparameters saved for arima
2025-08-12 11:13:57,591 - stock_predictor.models.arima - INFO - Updated hyperparameters for arima
2025-08-12 11:13:57,591 - stock_predictor.models.arima - INFO - Starting training for arima
2025-08-12 11:13:57,591 - stock_predictor.models.arima - INFO - Auto-selecting ARIMA order...
2025-08-12 11:13:57,591 - stock_predictor.models.arima - INFO - Starting auto ARIMA order selection
2025-08-12 11:13:58,580 - stock_predictor.models.arima - INFO - Best ARIMA order: (0, 1, 1), seasonal: None, AIC: 2453.80
2025-08-12 11:13:58,580 - stock_predictor.models.arima - ERROR - Training failed for arima: ARIMA model fitting failed: 'NoneType' object is not subscriptable
2025-08-12 11:13:58,581 - stock_predictor - ERROR - Failed to train arima: Training failed for arima: ARIMA model fitting failed: 'NoneType' object is not subscriptable
2025-08-12 11:13:58,581 - stock_predictor - INFO - Training lstm model
2025-08-12 11:13:58,581 - stock_predictor.models.hyperparameters - INFO - Hyperparameters saved for lstm
2025-08-12 11:13:58,582 - stock_predictor.models.lstm - INFO - Updated hyperparameters for lstm
2025-08-12 11:13:58,582 - stock_predictor.models.lstm - INFO - Starting training for lstm
2025-08-12 11:14:11,513 - stock_predictor.models.lstm - INFO - LSTM training completed. Final loss: 15891.145508
2025-08-12 11:14:11,513 - stock_predictor.models.lstm - INFO - Training completed for lstm in 12.93 seconds
2025-08-12 11:14:11,514 - stock_predictor - INFO - lstm training completed
2025-08-12 11:14:11,514 - stock_predictor - INFO - Training random_forest model
2025-08-12 11:14:11,515 - stock_predictor.models.hyperparameters - INFO - Hyperparameters saved for random_forest
2025-08-12 11:14:11,515 - stock_predictor.models.random_forest - INFO - Updated hyperparameters for random_forest
2025-08-12 11:14:11,515 - stock_predictor.models.random_forest - INFO - Starting training for random_forest
2025-08-12 11:14:11,634 - stock_predictor.models.random_forest - INFO - Random Forest training completed. Train RMSE: 1.682487
2025-08-12 11:14:11,634 - stock_predictor.models.random_forest - INFO - Validation RMSE: 14.942240
2025-08-12 11:14:11,634 - stock_predictor.models.random_forest - INFO - Training completed for random_forest in 0.12 seconds
2025-08-12 11:14:11,635 - stock_predictor - INFO - random_forest training completed
2025-08-12 11:14:11,635 - stock_predictor - INFO - Successfully trained 2 models
2025-08-12 11:14:11,635 - stock_predictor - INFO - Evaluating models
2025-08-12 11:14:11,975 - stock_predictor.evaluation.evaluator - INFO - Evaluation completed for lstm: RMSE=153.4537, MAE=153.0911, Dir_Acc=45.87%
2025-08-12 11:14:11,995 - stock_predictor.evaluation.evaluator - INFO - Evaluation completed for random_forest: RMSE=9.4744, MAE=7.1003, Dir_Acc=51.38%
2025-08-12 11:14:11,996 - stock_predictor.evaluation.evaluator - INFO - Model comparison completed for 2 models
2025-08-12 11:14:11,996 - stock_predictor - INFO - Model evaluation results:
2025-08-12 11:14:12,000 - stock_predictor - INFO - 
          mae        rmse           mse  directional_accuracy       mape    r2_score  correlation   max_error        bias  n_samples     model_name
1    7.100341    9.474446     89.765136             51.376147   3.519145    0.192387     0.620487   34.475783    4.585658        110  random_forest
0  153.091091  153.453676  23548.030701             45.871560  73.689014 -210.860724          NaN  184.015575 -153.091091        110           lstm
2025-08-12 11:14:12,000 - stock_predictor - INFO - Building ensemble
2025-08-12 11:14:12,000 - stock_predictor.ensemble.builder - INFO - Added model 'random_forest' to ensemble
2025-08-12 11:14:12,001 - stock_predictor.ensemble.builder - INFO - Added model 'lstm' to ensemble
2025-08-12 11:14:12,001 - stock_predictor.ensemble.builder - INFO - Calculated weights using inverse_error: {'random_forest': 0.9040167934341606, 'lstm': 0.0959832065658393}
2025-08-12 11:14:12,001 - stock_predictor - INFO - Ensemble built with weights: {'random_forest': 0.9040167934341606, 'lstm': 0.0959832065658393}
2025-08-12 11:14:12,001 - stock_predictor - INFO - Generating predictions for 7 future days
2025-08-12 11:14:12,077 - stock_predictor.evaluation.evaluator - INFO - Evaluation completed for ensemble: RMSE=13.4550, MAE=11.5438, Dir_Acc=51.38%
2025-08-12 11:14:12,077 - stock_predictor - INFO - Ensemble performance: RMSE=13.4550, MAE=11.5438, Directional Accuracy=51.38%
2025-08-12 11:14:12,077 - stock_predictor - INFO - Full pipeline completed successfully
2025-08-12 11:14:12,078 - stock_predictor.data.fetcher - INFO - Fetching data for AAPL from 2025-05-12 to 2025-08-12
2025-08-12 11:14:12,179 - stock_predictor.data.fetcher - INFO - Successfully fetched 63 records for AAPL
