2025-08-12 11:04:51,680 - stock_predictor - INFO - Logging initialized. Log file: logs/stock_predictor_20250812_110451.log
2025-08-12 11:04:51,682 - stock_predictor.models.hyperparameters - INFO - Hyperparameters loaded for arima
2025-08-12 11:04:51,683 - stock_predictor.models.hyperparameters - INFO - Hyperparameters loaded for lstm
2025-08-12 11:04:51,691 - stock_predictor.models.hyperparameters - INFO - Hyperparameters loaded for random_forest
2025-08-12 11:04:51,691 - stock_predictor - INFO - Stock Predictor Application initialized
2025-08-12 11:04:51,691 - stock_predictor - INFO - Starting full pipeline for AAPL
2025-08-12 11:04:51,691 - stock_predictor - INFO - Fetching data for AAPL
2025-08-12 11:04:51,692 - stock_predictor.data.fetcher - INFO - Fetching data for AAPL from 2022-08-13 to 2025-08-12
2025-08-12 11:04:52,225 - stock_predictor.data.fetcher - INFO - Successfully fetched 750 records for AAPL
2025-08-12 11:04:52,225 - stock_predictor - INFO - Preprocessing data
2025-08-12 11:04:52,225 - stock_predictor.data.preprocessor - INFO - Handling missing values
2025-08-12 11:04:52,227 - stock_predictor.data.preprocessor - INFO - Handling outliers using method: cap
2025-08-12 11:04:52,228 - stock_predictor - INFO - Engineering features
2025-08-12 11:04:52,229 - stock_predictor.data.feature_engineer - INFO - Engineering all features
2025-08-12 11:04:52,229 - stock_predictor.data.feature_engineer - INFO - Creating moving averages with windows: [5, 10, 20]
2025-08-12 11:04:52,230 - stock_predictor.data.feature_engineer - INFO - Calculating volatility with window: 20
2025-08-12 11:04:52,232 - stock_predictor.data.feature_engineer - INFO - Creating lagged features with lags: [1, 2, 3]
2025-08-12 11:04:52,234 - stock_predictor.data.feature_engineer - INFO - Creating technical indicators
2025-08-12 11:04:52,238 - stock_predictor.data.feature_engineer - INFO - Created 36 features
2025-08-12 11:04:52,239 - stock_predictor.data.feature_engineer - INFO - Creating target variable: next_close, horizon: 1
2025-08-12 11:04:52,240 - stock_predictor - INFO - Data preparation completed. Final dataset: 729 samples, 46 features
2025-08-12 11:04:52,240 - stock_predictor - INFO - Data splits - Train: 510, Val: 109, Test: 110
2025-08-12 11:04:52,240 - stock_predictor - INFO - Starting model training
2025-08-12 11:04:52,240 - stock_predictor - INFO - Training arima model
2025-08-12 11:04:52,241 - stock_predictor.models.hyperparameters - INFO - Hyperparameters saved for arima
2025-08-12 11:04:52,241 - stock_predictor.models.arima - INFO - Updated hyperparameters for arima
2025-08-12 11:04:52,242 - stock_predictor.models.arima - INFO - Starting training for arima
2025-08-12 11:04:52,242 - stock_predictor.models.arima - INFO - Auto-selecting ARIMA order...
2025-08-12 11:04:52,242 - stock_predictor.models.arima - INFO - Starting auto ARIMA order selection
2025-08-12 11:04:53,195 - stock_predictor.models.arima - INFO - Best ARIMA order: (0, 1, 1), seasonal: None, AIC: 2453.80
2025-08-12 11:04:53,196 - stock_predictor.models.arima - ERROR - Training failed for arima: ARIMA model fitting failed: 'NoneType' object is not subscriptable
2025-08-12 11:04:53,196 - stock_predictor - ERROR - Failed to train arima: Training failed for arima: ARIMA model fitting failed: 'NoneType' object is not subscriptable
2025-08-12 11:04:53,196 - stock_predictor - INFO - Training lstm model
2025-08-12 11:04:53,197 - stock_predictor.models.hyperparameters - INFO - Hyperparameters saved for lstm
2025-08-12 11:04:53,197 - stock_predictor.models.lstm - INFO - Updated hyperparameters for lstm
2025-08-12 11:04:53,197 - stock_predictor.models.lstm - INFO - Starting training for lstm
2025-08-12 11:05:05,048 - stock_predictor.models.lstm - INFO - LSTM training completed. Final loss: 15935.350586
2025-08-12 11:05:05,049 - stock_predictor.models.lstm - INFO - Training completed for lstm in 11.85 seconds
2025-08-12 11:05:05,049 - stock_predictor - INFO - lstm training completed
2025-08-12 11:05:05,049 - stock_predictor - INFO - Training random_forest model
2025-08-12 11:05:05,050 - stock_predictor.models.hyperparameters - INFO - Hyperparameters saved for random_forest
2025-08-12 11:05:05,050 - stock_predictor.models.random_forest - INFO - Updated hyperparameters for random_forest
2025-08-12 11:05:05,050 - stock_predictor.models.random_forest - INFO - Starting training for random_forest
2025-08-12 11:05:05,164 - stock_predictor.models.random_forest - INFO - Random Forest training completed. Train RMSE: 1.686369
2025-08-12 11:05:05,164 - stock_predictor.models.random_forest - INFO - Validation RMSE: 14.913783
2025-08-12 11:05:05,164 - stock_predictor.models.random_forest - INFO - Training completed for random_forest in 0.11 seconds
2025-08-12 11:05:05,165 - stock_predictor - INFO - random_forest training completed
2025-08-12 11:05:05,165 - stock_predictor - INFO - Successfully trained 2 models
2025-08-12 11:05:05,165 - stock_predictor - INFO - Evaluating models
2025-08-12 11:05:05,502 - stock_predictor.evaluation.evaluator - INFO - Evaluation completed for lstm: RMSE=153.7363, MAE=153.3744, Dir_Acc=45.87%
2025-08-12 11:05:05,521 - stock_predictor.evaluation.evaluator - INFO - Evaluation completed for random_forest: RMSE=9.3044, MAE=6.9186, Dir_Acc=53.21%
2025-08-12 11:05:05,522 - stock_predictor.evaluation.evaluator - INFO - Model comparison completed for 2 models
2025-08-12 11:05:05,522 - stock_predictor - INFO - Model evaluation results:
2025-08-12 11:05:05,525 - stock_predictor - INFO - 
          mae        rmse           mse  directional_accuracy       mape    r2_score  correlation   max_error        bias  n_samples     model_name
1    6.918588    9.304357     86.571054             53.211009   3.429629    0.221123     0.628667   34.565700    4.347418        110  random_forest
0  153.374389  153.736306  23634.851839             45.871560  73.825856 -211.641904          NaN  184.298874 -153.374389        110           lstm
2025-08-12 11:05:05,525 - stock_predictor - INFO - Building ensemble
2025-08-12 11:05:05,525 - stock_predictor.ensemble.builder - INFO - Added model 'random_forest' to ensemble
2025-08-12 11:05:05,526 - stock_predictor.ensemble.builder - INFO - Added model 'lstm' to ensemble
2025-08-12 11:05:05,526 - stock_predictor.ensemble.builder - INFO - Calculated weights using inverse_error: {'random_forest': 0.9041164986042752, 'lstm': 0.0958835013957247}
2025-08-12 11:05:05,526 - stock_predictor - INFO - Ensemble built with weights: {'random_forest': 0.9041164986042752, 'lstm': 0.0958835013957247}
2025-08-12 11:05:05,526 - stock_predictor - INFO - Generating predictions for 7 future days
2025-08-12 11:05:05,600 - stock_predictor.evaluation.evaluator - INFO - Evaluation completed for ensemble: RMSE=13.5969, MAE=11.7513, Dir_Acc=53.21%
2025-08-12 11:05:05,601 - stock_predictor - INFO - Ensemble performance: RMSE=13.5969, MAE=11.7513, Directional Accuracy=53.21%
2025-08-12 11:05:05,601 - stock_predictor - INFO - Full pipeline completed successfully
