2025-08-12 11:06:29,688 - stock_predictor - INFO - Logging initialized. Log file: logs/stock_predictor_20250812_110629.log
2025-08-12 11:06:29,690 - stock_predictor.models.hyperparameters - INFO - Hyperparameters loaded for arima
2025-08-12 11:06:29,691 - stock_predictor.models.hyperparameters - INFO - Hyperparameters loaded for lstm
2025-08-12 11:06:29,693 - stock_predictor.models.hyperparameters - INFO - Hyperparameters loaded for random_forest
2025-08-12 11:06:29,693 - stock_predictor - INFO - Stock Predictor Application initialized
2025-08-12 11:06:29,693 - stock_predictor - INFO - Starting full pipeline for AAPL
2025-08-12 11:06:29,694 - stock_predictor - INFO - Fetching data for AAPL
2025-08-12 11:06:29,694 - stock_predictor.data.fetcher - INFO - Fetching data for AAPL from 2022-08-13 to 2025-08-12
2025-08-12 11:06:30,354 - stock_predictor.data.fetcher - INFO - Successfully fetched 750 records for AAPL
2025-08-12 11:06:30,354 - stock_predictor - INFO - Preprocessing data
2025-08-12 11:06:30,354 - stock_predictor.data.preprocessor - INFO - Handling missing values
2025-08-12 11:06:30,356 - stock_predictor.data.preprocessor - INFO - Handling outliers using method: cap
2025-08-12 11:06:30,358 - stock_predictor - INFO - Engineering features
2025-08-12 11:06:30,358 - stock_predictor.data.feature_engineer - INFO - Engineering all features
2025-08-12 11:06:30,358 - stock_predictor.data.feature_engineer - INFO - Creating moving averages with windows: [5, 10, 20]
2025-08-12 11:06:30,360 - stock_predictor.data.feature_engineer - INFO - Calculating volatility with window: 20
2025-08-12 11:06:30,361 - stock_predictor.data.feature_engineer - INFO - Creating lagged features with lags: [1, 2, 3]
2025-08-12 11:06:30,364 - stock_predictor.data.feature_engineer - INFO - Creating technical indicators
2025-08-12 11:06:30,368 - stock_predictor.data.feature_engineer - INFO - Created 36 features
2025-08-12 11:06:30,369 - stock_predictor.data.feature_engineer - INFO - Creating target variable: next_close, horizon: 1
2025-08-12 11:06:30,370 - stock_predictor - INFO - Data preparation completed. Final dataset: 729 samples, 46 features
2025-08-12 11:06:30,370 - stock_predictor - INFO - Data splits - Train: 510, Val: 109, Test: 110
2025-08-12 11:06:30,370 - stock_predictor - INFO - Starting model training
2025-08-12 11:06:30,371 - stock_predictor - INFO - Training arima model
2025-08-12 11:06:30,371 - stock_predictor.models.hyperparameters - INFO - Hyperparameters saved for arima
2025-08-12 11:06:30,372 - stock_predictor.models.arima - INFO - Updated hyperparameters for arima
2025-08-12 11:06:30,372 - stock_predictor.models.arima - INFO - Starting training for arima
2025-08-12 11:06:30,372 - stock_predictor.models.arima - INFO - Auto-selecting ARIMA order...
2025-08-12 11:06:30,372 - stock_predictor.models.arima - INFO - Starting auto ARIMA order selection
2025-08-12 11:06:31,376 - stock_predictor.models.arima - INFO - Best ARIMA order: (0, 1, 1), seasonal: None, AIC: 2453.80
2025-08-12 11:06:31,376 - stock_predictor.models.arima - ERROR - Training failed for arima: ARIMA model fitting failed: 'NoneType' object is not subscriptable
2025-08-12 11:06:31,376 - stock_predictor - ERROR - Failed to train arima: Training failed for arima: ARIMA model fitting failed: 'NoneType' object is not subscriptable
2025-08-12 11:06:31,377 - stock_predictor - INFO - Training lstm model
2025-08-12 11:06:31,377 - stock_predictor.models.hyperparameters - INFO - Hyperparameters saved for lstm
2025-08-12 11:06:31,377 - stock_predictor.models.lstm - INFO - Updated hyperparameters for lstm
2025-08-12 11:06:31,378 - stock_predictor.models.lstm - INFO - Starting training for lstm
2025-08-12 11:06:44,102 - stock_predictor.models.lstm - INFO - LSTM training completed. Final loss: 16108.118164
2025-08-12 11:06:44,103 - stock_predictor.models.lstm - INFO - Training completed for lstm in 12.72 seconds
2025-08-12 11:06:44,103 - stock_predictor - INFO - lstm training completed
2025-08-12 11:06:44,103 - stock_predictor - INFO - Training random_forest model
2025-08-12 11:06:44,104 - stock_predictor.models.hyperparameters - INFO - Hyperparameters saved for random_forest
2025-08-12 11:06:44,104 - stock_predictor.models.random_forest - INFO - Updated hyperparameters for random_forest
2025-08-12 11:06:44,104 - stock_predictor.models.random_forest - INFO - Starting training for random_forest
2025-08-12 11:06:44,238 - stock_predictor.models.random_forest - INFO - Random Forest training completed. Train RMSE: 1.683034
2025-08-12 11:06:44,238 - stock_predictor.models.random_forest - INFO - Validation RMSE: 14.942241
2025-08-12 11:06:44,239 - stock_predictor.models.random_forest - INFO - Training completed for random_forest in 0.13 seconds
2025-08-12 11:06:44,239 - stock_predictor - INFO - random_forest training completed
2025-08-12 11:06:44,239 - stock_predictor - INFO - Successfully trained 2 models
2025-08-12 11:06:44,239 - stock_predictor - INFO - Evaluating models
2025-08-12 11:06:44,648 - stock_predictor.evaluation.evaluator - INFO - Evaluation completed for lstm: RMSE=154.1425, MAE=153.7816, Dir_Acc=44.95%
2025-08-12 11:06:44,669 - stock_predictor.evaluation.evaluator - INFO - Evaluation completed for random_forest: RMSE=9.4744, MAE=7.1003, Dir_Acc=51.38%
2025-08-12 11:06:44,670 - stock_predictor.evaluation.evaluator - INFO - Model comparison completed for 2 models
2025-08-12 11:06:44,670 - stock_predictor - INFO - Model evaluation results:
2025-08-12 11:06:44,674 - stock_predictor - INFO - 
          mae        rmse           mse  directional_accuracy       mape    r2_score  correlation   max_error        bias  n_samples     model_name
1    7.100343    9.474449     89.765176             51.376147   3.519146    0.192386     0.620487   34.475783    4.585661        110  random_forest
0  153.781557  154.142518  23759.915843             44.954128  74.022530 -212.767046    -0.085799  184.706043 -153.781557        110           lstm
2025-08-12 11:06:44,674 - stock_predictor - INFO - Building ensemble
2025-08-12 11:06:44,675 - stock_predictor.ensemble.builder - INFO - Added model 'random_forest' to ensemble
2025-08-12 11:06:44,675 - stock_predictor.ensemble.builder - INFO - Added model 'lstm' to ensemble
2025-08-12 11:06:44,675 - stock_predictor.ensemble.builder - INFO - Calculated weights using inverse_error: {'random_forest': 0.9040393418270779, 'lstm': 0.09596065817292213}
2025-08-12 11:06:44,676 - stock_predictor - INFO - Ensemble built with weights: {'random_forest': 0.9040393418270779, 'lstm': 0.09596065817292213}
2025-08-12 11:06:44,676 - stock_predictor - INFO - Generating predictions for 7 future days
2025-08-12 11:06:44,762 - stock_predictor.evaluation.evaluator - INFO - Evaluation completed for ensemble: RMSE=13.5042, MAE=11.5962, Dir_Acc=51.38%
2025-08-12 11:06:44,762 - stock_predictor - INFO - Ensemble performance: RMSE=13.5042, MAE=11.5962, Directional Accuracy=51.38%
2025-08-12 11:06:44,763 - stock_predictor - INFO - Full pipeline completed successfully
