2025-08-12 11:08:45,661 - stock_predictor - INFO - Logging initialized. Log file: logs/stock_predictor_20250812_110845.log
2025-08-12 11:08:45,663 - stock_predictor.models.hyperparameters - INFO - Hyperparameters loaded for arima
2025-08-12 11:08:45,664 - stock_predictor.models.hyperparameters - INFO - Hyperparameters loaded for lstm
2025-08-12 11:08:45,665 - stock_predictor.models.hyperparameters - INFO - Hyperparameters loaded for random_forest
2025-08-12 11:08:45,665 - stock_predictor - INFO - Stock Predictor Application initialized
2025-08-12 11:08:45,666 - stock_predictor - INFO - Starting full pipeline for AAPL
2025-08-12 11:08:45,666 - stock_predictor - INFO - Fetching data for AAPL
2025-08-12 11:08:45,666 - stock_predictor.data.fetcher - INFO - Fetching data for AAPL from 2022-08-13 to 2025-08-12
2025-08-12 11:08:46,275 - stock_predictor.data.fetcher - INFO - Successfully fetched 750 records for AAPL
2025-08-12 11:08:46,275 - stock_predictor - INFO - Preprocessing data
2025-08-12 11:08:46,275 - stock_predictor.data.preprocessor - INFO - Handling missing values
2025-08-12 11:08:46,277 - stock_predictor.data.preprocessor - INFO - Handling outliers using method: cap
2025-08-12 11:08:46,278 - stock_predictor - INFO - Engineering features
2025-08-12 11:08:46,278 - stock_predictor.data.feature_engineer - INFO - Engineering all features
2025-08-12 11:08:46,279 - stock_predictor.data.feature_engineer - INFO - Creating moving averages with windows: [5, 10, 20]
2025-08-12 11:08:46,280 - stock_predictor.data.feature_engineer - INFO - Calculating volatility with window: 20
2025-08-12 11:08:46,282 - stock_predictor.data.feature_engineer - INFO - Creating lagged features with lags: [1, 2, 3]
2025-08-12 11:08:46,284 - stock_predictor.data.feature_engineer - INFO - Creating technical indicators
2025-08-12 11:08:46,288 - stock_predictor.data.feature_engineer - INFO - Created 36 features
2025-08-12 11:08:46,289 - stock_predictor.data.feature_engineer - INFO - Creating target variable: next_close, horizon: 1
2025-08-12 11:08:46,290 - stock_predictor - INFO - Data preparation completed. Final dataset: 729 samples, 46 features
2025-08-12 11:08:46,291 - stock_predictor - INFO - Data splits - Train: 510, Val: 109, Test: 110
2025-08-12 11:08:46,291 - stock_predictor - INFO - Starting model training
2025-08-12 11:08:46,291 - stock_predictor - INFO - Training arima model
2025-08-12 11:08:46,292 - stock_predictor.models.hyperparameters - INFO - Hyperparameters saved for arima
2025-08-12 11:08:46,292 - stock_predictor.models.arima - INFO - Updated hyperparameters for arima
2025-08-12 11:08:46,292 - stock_predictor.models.arima - INFO - Starting training for arima
2025-08-12 11:08:46,292 - stock_predictor.models.arima - INFO - Auto-selecting ARIMA order...
2025-08-12 11:08:46,293 - stock_predictor.models.arima - INFO - Starting auto ARIMA order selection
2025-08-12 11:08:47,269 - stock_predictor.models.arima - INFO - Best ARIMA order: (0, 1, 1), seasonal: None, AIC: 2453.80
2025-08-12 11:08:47,270 - stock_predictor.models.arima - ERROR - Training failed for arima: ARIMA model fitting failed: 'NoneType' object is not subscriptable
2025-08-12 11:08:47,270 - stock_predictor - ERROR - Failed to train arima: Training failed for arima: ARIMA model fitting failed: 'NoneType' object is not subscriptable
2025-08-12 11:08:47,270 - stock_predictor - INFO - Training lstm model
2025-08-12 11:08:47,271 - stock_predictor.models.hyperparameters - INFO - Hyperparameters saved for lstm
2025-08-12 11:08:47,272 - stock_predictor.models.lstm - INFO - Updated hyperparameters for lstm
2025-08-12 11:08:47,272 - stock_predictor.models.lstm - INFO - Starting training for lstm
2025-08-12 11:08:59,891 - stock_predictor.models.lstm - INFO - LSTM training completed. Final loss: 15947.796875
2025-08-12 11:08:59,891 - stock_predictor.models.lstm - INFO - Training completed for lstm in 12.62 seconds
2025-08-12 11:08:59,892 - stock_predictor - INFO - lstm training completed
2025-08-12 11:08:59,892 - stock_predictor - INFO - Training random_forest model
2025-08-12 11:08:59,893 - stock_predictor.models.hyperparameters - INFO - Hyperparameters saved for random_forest
2025-08-12 11:08:59,893 - stock_predictor.models.random_forest - INFO - Updated hyperparameters for random_forest
2025-08-12 11:08:59,893 - stock_predictor.models.random_forest - INFO - Starting training for random_forest
2025-08-12 11:09:00,017 - stock_predictor.models.random_forest - INFO - Random Forest training completed. Train RMSE: 1.686525
2025-08-12 11:09:00,017 - stock_predictor.models.random_forest - INFO - Validation RMSE: 14.913779
2025-08-12 11:09:00,017 - stock_predictor.models.random_forest - INFO - Training completed for random_forest in 0.12 seconds
2025-08-12 11:09:00,017 - stock_predictor - INFO - random_forest training completed
2025-08-12 11:09:00,018 - stock_predictor - INFO - Successfully trained 2 models
2025-08-12 11:09:00,018 - stock_predictor - INFO - Evaluating models
2025-08-12 11:09:00,368 - stock_predictor.evaluation.evaluator - INFO - Evaluation completed for lstm: RMSE=153.7432, MAE=153.3813, Dir_Acc=44.95%
2025-08-12 11:09:00,388 - stock_predictor.evaluation.evaluator - INFO - Evaluation completed for random_forest: RMSE=9.3044, MAE=6.9186, Dir_Acc=53.21%
2025-08-12 11:09:00,389 - stock_predictor.evaluation.evaluator - INFO - Model comparison completed for 2 models
2025-08-12 11:09:00,389 - stock_predictor - INFO - Model evaluation results:
2025-08-12 11:09:00,392 - stock_predictor - INFO - 
          mae        rmse           mse  directional_accuracy       mape    r2_score  correlation   max_error        bias  n_samples     model_name
1    6.918588    9.304357     86.571062             53.211009   3.429629    0.221123     0.628667   34.565715    4.347417        110  random_forest
0  153.381252  153.743153  23636.957076             44.954128  73.829171 -211.660791    -0.250775  184.305737 -153.381252        110           lstm
2025-08-12 11:09:00,392 - stock_predictor - INFO - Building ensemble
2025-08-12 11:09:00,393 - stock_predictor.ensemble.builder - INFO - Added model 'random_forest' to ensemble
2025-08-12 11:09:00,393 - stock_predictor.ensemble.builder - INFO - Added model 'lstm' to ensemble
2025-08-12 11:09:00,393 - stock_predictor.ensemble.builder - INFO - Calculated weights using inverse_error: {'random_forest': 0.9041167187033464, 'lstm': 0.09588328129665348}
2025-08-12 11:09:00,394 - stock_predictor - INFO - Ensemble built with weights: {'random_forest': 0.9041167187033464, 'lstm': 0.09588328129665348}
2025-08-12 11:09:00,394 - stock_predictor - INFO - Generating predictions for 7 future days
2025-08-12 11:09:00,469 - stock_predictor.evaluation.evaluator - INFO - Evaluation completed for ensemble: RMSE=13.5974, MAE=11.7518, Dir_Acc=53.21%
2025-08-12 11:09:00,469 - stock_predictor - INFO - Ensemble performance: RMSE=13.5974, MAE=11.7518, Directional Accuracy=53.21%
2025-08-12 11:09:00,469 - stock_predictor - INFO - Full pipeline completed successfully
2025-08-12 11:09:00,471 - stock_predictor.data.fetcher - INFO - Fetching data for AAPL from 2024-08-12 to 2025-08-12
2025-08-12 11:09:00,576 - stock_predictor.data.fetcher - INFO - Successfully fetched 250 records for AAPL
