2025-08-12 11:10:21,177 - stock_predictor - INFO - Logging initialized. Log file: logs/stock_predictor_20250812_111021.log
2025-08-12 11:10:21,178 - stock_predictor.models.hyperparameters - INFO - Hyperparameters loaded for arima
2025-08-12 11:10:21,179 - stock_predictor.models.hyperparameters - INFO - Hyperparameters loaded for lstm
2025-08-12 11:10:21,180 - stock_predictor.models.hyperparameters - INFO - Hyperparameters loaded for random_forest
2025-08-12 11:10:21,181 - stock_predictor - INFO - Stock Predictor Application initialized
2025-08-12 11:10:21,181 - stock_predictor - INFO - Starting full pipeline for AAPL
2025-08-12 11:10:21,183 - stock_predictor - INFO - Fetching data for AAPL
2025-08-12 11:10:21,184 - stock_predictor.data.fetcher - INFO - Fetching data for AAPL from 2022-08-13 to 2025-08-12
2025-08-12 11:10:21,675 - stock_predictor.data.fetcher - INFO - Successfully fetched 750 records for AAPL
2025-08-12 11:10:21,675 - stock_predictor - INFO - Preprocessing data
2025-08-12 11:10:21,675 - stock_predictor.data.preprocessor - INFO - Handling missing values
2025-08-12 11:10:21,677 - stock_predictor.data.preprocessor - INFO - Handling outliers using method: cap
2025-08-12 11:10:21,678 - stock_predictor - INFO - Engineering features
2025-08-12 11:10:21,679 - stock_predictor.data.feature_engineer - INFO - Engineering all features
2025-08-12 11:10:21,679 - stock_predictor.data.feature_engineer - INFO - Creating moving averages with windows: [5, 10, 20]
2025-08-12 11:10:21,680 - stock_predictor.data.feature_engineer - INFO - Calculating volatility with window: 20
2025-08-12 11:10:21,681 - stock_predictor.data.feature_engineer - INFO - Creating lagged features with lags: [1, 2, 3]
2025-08-12 11:10:21,684 - stock_predictor.data.feature_engineer - INFO - Creating technical indicators
2025-08-12 11:10:21,689 - stock_predictor.data.feature_engineer - INFO - Created 36 features
2025-08-12 11:10:21,689 - stock_predictor.data.feature_engineer - INFO - Creating target variable: next_close, horizon: 1
2025-08-12 11:10:21,690 - stock_predictor - INFO - Data preparation completed. Final dataset: 729 samples, 46 features
2025-08-12 11:10:21,691 - stock_predictor - INFO - Data splits - Train: 510, Val: 109, Test: 110
2025-08-12 11:10:21,691 - stock_predictor - INFO - Starting model training
2025-08-12 11:10:21,691 - stock_predictor - INFO - Training arima model
2025-08-12 11:10:21,691 - stock_predictor.models.hyperparameters - INFO - Hyperparameters saved for arima
2025-08-12 11:10:21,692 - stock_predictor.models.arima - INFO - Updated hyperparameters for arima
2025-08-12 11:10:21,692 - stock_predictor.models.arima - INFO - Starting training for arima
2025-08-12 11:10:21,692 - stock_predictor.models.arima - INFO - Auto-selecting ARIMA order...
2025-08-12 11:10:21,692 - stock_predictor.models.arima - INFO - Starting auto ARIMA order selection
2025-08-12 11:10:22,644 - stock_predictor.models.arima - INFO - Best ARIMA order: (0, 1, 1), seasonal: None, AIC: 2453.80
2025-08-12 11:10:22,645 - stock_predictor.models.arima - ERROR - Training failed for arima: ARIMA model fitting failed: 'NoneType' object is not subscriptable
2025-08-12 11:10:22,645 - stock_predictor - ERROR - Failed to train arima: Training failed for arima: ARIMA model fitting failed: 'NoneType' object is not subscriptable
2025-08-12 11:10:22,645 - stock_predictor - INFO - Training lstm model
2025-08-12 11:10:22,646 - stock_predictor.models.hyperparameters - INFO - Hyperparameters saved for lstm
2025-08-12 11:10:22,646 - stock_predictor.models.lstm - INFO - Updated hyperparameters for lstm
2025-08-12 11:10:22,646 - stock_predictor.models.lstm - INFO - Starting training for lstm
2025-08-12 11:10:35,209 - stock_predictor.models.lstm - INFO - LSTM training completed. Final loss: 15493.298828
2025-08-12 11:10:35,210 - stock_predictor.models.lstm - INFO - Training completed for lstm in 12.56 seconds
2025-08-12 11:10:35,210 - stock_predictor - INFO - lstm training completed
2025-08-12 11:10:35,210 - stock_predictor - INFO - Training random_forest model
2025-08-12 11:10:35,211 - stock_predictor.models.hyperparameters - INFO - Hyperparameters saved for random_forest
2025-08-12 11:10:35,211 - stock_predictor.models.random_forest - INFO - Updated hyperparameters for random_forest
2025-08-12 11:10:35,211 - stock_predictor.models.random_forest - INFO - Starting training for random_forest
2025-08-12 11:10:35,331 - stock_predictor.models.random_forest - INFO - Random Forest training completed. Train RMSE: 1.682487
2025-08-12 11:10:35,331 - stock_predictor.models.random_forest - INFO - Validation RMSE: 14.942240
2025-08-12 11:10:35,331 - stock_predictor.models.random_forest - INFO - Training completed for random_forest in 0.12 seconds
2025-08-12 11:10:35,331 - stock_predictor - INFO - random_forest training completed
2025-08-12 11:10:35,332 - stock_predictor - INFO - Successfully trained 2 models
2025-08-12 11:10:35,332 - stock_predictor - INFO - Evaluating models
2025-08-12 11:10:35,713 - stock_predictor.evaluation.evaluator - INFO - Evaluation completed for lstm: RMSE=152.2329, MAE=151.8674, Dir_Acc=45.87%
2025-08-12 11:10:35,734 - stock_predictor.evaluation.evaluator - INFO - Evaluation completed for random_forest: RMSE=9.4744, MAE=7.1003, Dir_Acc=51.38%
2025-08-12 11:10:35,735 - stock_predictor.evaluation.evaluator - INFO - Model comparison completed for 2 models
2025-08-12 11:10:35,735 - stock_predictor - INFO - Model evaluation results:
2025-08-12 11:10:35,739 - stock_predictor - INFO - 
          mae        rmse           mse  directional_accuracy       mape    r2_score  correlation   max_error        bias  n_samples     model_name
1    7.100342    9.474448     89.765160             51.376147   3.519145    0.192386     0.620487   34.475785    4.585660        110  random_forest
0  151.867424  152.232923  23174.862986             45.871560  73.097946 -207.503348          NaN  182.791908 -151.867424        110           lstm
2025-08-12 11:10:35,739 - stock_predictor - INFO - Building ensemble
2025-08-12 11:10:35,740 - stock_predictor.ensemble.builder - INFO - Added model 'random_forest' to ensemble
2025-08-12 11:10:35,740 - stock_predictor.ensemble.builder - INFO - Added model 'lstm' to ensemble
2025-08-12 11:10:35,740 - stock_predictor.ensemble.builder - INFO - Calculated weights using inverse_error: {'random_forest': 0.9039763324443332, 'lstm': 0.0960236675556669}
2025-08-12 11:10:35,741 - stock_predictor - INFO - Ensemble built with weights: {'random_forest': 0.9039763324443332, 'lstm': 0.0960236675556669}
2025-08-12 11:10:35,741 - stock_predictor - INFO - Generating predictions for 7 future days
2025-08-12 11:10:35,840 - stock_predictor.evaluation.evaluator - INFO - Evaluation completed for ensemble: RMSE=13.3681, MAE=11.4508, Dir_Acc=51.38%
2025-08-12 11:10:35,841 - stock_predictor - INFO - Ensemble performance: RMSE=13.3681, MAE=11.4508, Directional Accuracy=51.38%
2025-08-12 11:10:35,841 - stock_predictor - INFO - Full pipeline completed successfully
2025-08-12 11:10:35,842 - stock_predictor.data.fetcher - INFO - Fetching data for AAPL from 2024-08-12 to 2025-08-12
2025-08-12 11:10:36,262 - stock_predictor.data.fetcher - INFO - Successfully fetched 250 records for AAPL
