2025-08-12 11:07:17,014 - stock_predictor - INFO - Logging initialized. Log file: logs/stock_predictor_20250812_110717.log
2025-08-12 11:07:17,016 - stock_predictor.models.hyperparameters - INFO - Hyperparameters loaded for arima
2025-08-12 11:07:17,017 - stock_predictor.models.hyperparameters - INFO - Hyperparameters loaded for lstm
2025-08-12 11:07:17,018 - stock_predictor.models.hyperparameters - INFO - Hyperparameters loaded for random_forest
2025-08-12 11:07:17,018 - stock_predictor - INFO - Stock Predictor Application initialized
2025-08-12 11:07:17,019 - stock_predictor - INFO - Starting full pipeline for AAPL
2025-08-12 11:07:17,019 - stock_predictor - INFO - Fetching data for AAPL
2025-08-12 11:07:17,019 - stock_predictor.data.fetcher - INFO - Fetching data for AAPL from 2022-08-13 to 2025-08-12
2025-08-12 11:07:17,487 - stock_predictor.data.fetcher - INFO - Successfully fetched 750 records for AAPL
2025-08-12 11:07:17,487 - stock_predictor - INFO - Preprocessing data
2025-08-12 11:07:17,488 - stock_predictor.data.preprocessor - INFO - Handling missing values
2025-08-12 11:07:17,489 - stock_predictor.data.preprocessor - INFO - Handling outliers using method: cap
2025-08-12 11:07:17,491 - stock_predictor - INFO - Engineering features
2025-08-12 11:07:17,491 - stock_predictor.data.feature_engineer - INFO - Engineering all features
2025-08-12 11:07:17,491 - stock_predictor.data.feature_engineer - INFO - Creating moving averages with windows: [5, 10, 20]
2025-08-12 11:07:17,493 - stock_predictor.data.feature_engineer - INFO - Calculating volatility with window: 20
2025-08-12 11:07:17,494 - stock_predictor.data.feature_engineer - INFO - Creating lagged features with lags: [1, 2, 3]
2025-08-12 11:07:17,496 - stock_predictor.data.feature_engineer - INFO - Creating technical indicators
2025-08-12 11:07:17,501 - stock_predictor.data.feature_engineer - INFO - Created 36 features
2025-08-12 11:07:17,501 - stock_predictor.data.feature_engineer - INFO - Creating target variable: next_close, horizon: 1
2025-08-12 11:07:17,502 - stock_predictor - INFO - Data preparation completed. Final dataset: 729 samples, 46 features
2025-08-12 11:07:17,503 - stock_predictor - INFO - Data splits - Train: 510, Val: 109, Test: 110
2025-08-12 11:07:17,503 - stock_predictor - INFO - Starting model training
2025-08-12 11:07:17,503 - stock_predictor - INFO - Training arima model
2025-08-12 11:07:17,504 - stock_predictor.models.hyperparameters - INFO - Hyperparameters saved for arima
2025-08-12 11:07:17,504 - stock_predictor.models.arima - INFO - Updated hyperparameters for arima
2025-08-12 11:07:17,504 - stock_predictor.models.arima - INFO - Starting training for arima
2025-08-12 11:07:17,504 - stock_predictor.models.arima - INFO - Auto-selecting ARIMA order...
2025-08-12 11:07:17,505 - stock_predictor.models.arima - INFO - Starting auto ARIMA order selection
2025-08-12 11:07:18,511 - stock_predictor.models.arima - INFO - Best ARIMA order: (0, 1, 1), seasonal: None, AIC: 2453.80
2025-08-12 11:07:18,512 - stock_predictor.models.arima - ERROR - Training failed for arima: ARIMA model fitting failed: 'NoneType' object is not subscriptable
2025-08-12 11:07:18,512 - stock_predictor - ERROR - Failed to train arima: Training failed for arima: ARIMA model fitting failed: 'NoneType' object is not subscriptable
2025-08-12 11:07:18,512 - stock_predictor - INFO - Training lstm model
2025-08-12 11:07:18,513 - stock_predictor.models.hyperparameters - INFO - Hyperparameters saved for lstm
2025-08-12 11:07:18,513 - stock_predictor.models.lstm - INFO - Updated hyperparameters for lstm
2025-08-12 11:07:18,513 - stock_predictor.models.lstm - INFO - Starting training for lstm
2025-08-12 11:07:31,064 - stock_predictor.models.lstm - INFO - LSTM training completed. Final loss: 15727.892578
2025-08-12 11:07:31,064 - stock_predictor.models.lstm - INFO - Training completed for lstm in 12.55 seconds
2025-08-12 11:07:31,065 - stock_predictor - INFO - lstm training completed
2025-08-12 11:07:31,065 - stock_predictor - INFO - Training random_forest model
2025-08-12 11:07:31,066 - stock_predictor.models.hyperparameters - INFO - Hyperparameters saved for random_forest
2025-08-12 11:07:31,066 - stock_predictor.models.random_forest - INFO - Updated hyperparameters for random_forest
2025-08-12 11:07:31,066 - stock_predictor.models.random_forest - INFO - Starting training for random_forest
2025-08-12 11:07:31,193 - stock_predictor.models.random_forest - INFO - Random Forest training completed. Train RMSE: 1.686524
2025-08-12 11:07:31,193 - stock_predictor.models.random_forest - INFO - Validation RMSE: 14.913783
2025-08-12 11:07:31,193 - stock_predictor.models.random_forest - INFO - Training completed for random_forest in 0.13 seconds
2025-08-12 11:07:31,193 - stock_predictor - INFO - random_forest training completed
2025-08-12 11:07:31,193 - stock_predictor - INFO - Successfully trained 2 models
2025-08-12 11:07:31,194 - stock_predictor - INFO - Evaluating models
2025-08-12 11:07:31,528 - stock_predictor.evaluation.evaluator - INFO - Evaluation completed for lstm: RMSE=153.1200, MAE=152.7566, Dir_Acc=45.87%
2025-08-12 11:07:31,547 - stock_predictor.evaluation.evaluator - INFO - Evaluation completed for random_forest: RMSE=9.3044, MAE=6.9186, Dir_Acc=53.21%
2025-08-12 11:07:31,548 - stock_predictor.evaluation.evaluator - INFO - Model comparison completed for 2 models
2025-08-12 11:07:31,548 - stock_predictor - INFO - Model evaluation results:
2025-08-12 11:07:31,551 - stock_predictor - INFO - 
          mae        rmse           mse  directional_accuracy       mape    r2_score  correlation   max_error        bias  n_samples     model_name
1    6.918588    9.304357     86.571056             53.211009   3.429628    0.221123     0.628667   34.565700    4.347417        110  random_forest
0  152.756618  153.119995  23445.732935             45.871560  73.527454 -209.940408          NaN  183.681103 -152.756618        110           lstm
2025-08-12 11:07:31,551 - stock_predictor - INFO - Building ensemble
2025-08-12 11:07:31,552 - stock_predictor.ensemble.builder - INFO - Added model 'random_forest' to ensemble
2025-08-12 11:07:31,552 - stock_predictor.ensemble.builder - INFO - Added model 'lstm' to ensemble
2025-08-12 11:07:31,552 - stock_predictor.ensemble.builder - INFO - Calculated weights using inverse_error: {'random_forest': 0.9040965864370157, 'lstm': 0.09590341356298415}
2025-08-12 11:07:31,552 - stock_predictor - INFO - Ensemble built with weights: {'random_forest': 0.9040965864370157, 'lstm': 0.09590341356298415}
2025-08-12 11:07:31,552 - stock_predictor - INFO - Generating predictions for 7 future days
2025-08-12 11:07:31,628 - stock_predictor.evaluation.evaluator - INFO - Evaluation completed for ensemble: RMSE=13.5525, MAE=11.7033, Dir_Acc=53.21%
2025-08-12 11:07:31,628 - stock_predictor - INFO - Ensemble performance: RMSE=13.5525, MAE=11.7033, Directional Accuracy=53.21%
2025-08-12 11:07:31,628 - stock_predictor - INFO - Full pipeline completed successfully
