2025-08-17 09:41:20,017 - stock_predictor - INFO - Logging initialized. Log file: logs/stock_predictor_20250817_094120.log
2025-08-17 09:41:20,018 - stock_predictor.models.hyperparameters - INFO - Hyperparameters loaded for arima
2025-08-17 09:41:20,019 - stock_predictor.models.hyperparameters - INFO - Hyperparameters loaded for lstm
2025-08-17 09:41:20,020 - stock_predictor.models.hyperparameters - INFO - Hyperparameters loaded for random_forest
2025-08-17 09:41:20,020 - stock_predictor - INFO - Stock Predictor Application initialized
2025-08-17 09:41:20,020 - stock_predictor - INFO - Starting full pipeline for AAPL
2025-08-17 09:41:20,021 - stock_predictor - INFO - Fetching data for AAPL
2025-08-17 09:41:20,021 - stock_predictor.data.fetcher - INFO - Fetching data for AAPL from 2022-08-13 to 2025-08-12
2025-08-17 09:41:22,142 - stock_predictor.data.fetcher - INFO - Successfully fetched 750 records for AAPL
2025-08-17 09:41:22,142 - stock_predictor - INFO - Preprocessing data
2025-08-17 09:41:22,142 - stock_predictor.data.preprocessor - INFO - Handling missing values
2025-08-17 09:41:22,143 - stock_predictor.data.preprocessor - INFO - Handling outliers using method: cap
2025-08-17 09:41:22,145 - stock_predictor - INFO - Engineering features
2025-08-17 09:41:22,145 - stock_predictor.data.feature_engineer - INFO - Engineering all features
2025-08-17 09:41:22,145 - stock_predictor.data.feature_engineer - INFO - Creating moving averages with windows: [5, 10, 20]
2025-08-17 09:41:22,147 - stock_predictor.data.feature_engineer - INFO - Calculating volatility with window: 20
2025-08-17 09:41:22,148 - stock_predictor.data.feature_engineer - INFO - Creating lagged features with lags: [1, 2, 3]
2025-08-17 09:41:22,150 - stock_predictor.data.feature_engineer - INFO - Creating technical indicators
2025-08-17 09:41:22,155 - stock_predictor.data.feature_engineer - INFO - Created 36 features
2025-08-17 09:41:22,155 - stock_predictor.data.feature_engineer - INFO - Creating target variable: next_close, horizon: 1
2025-08-17 09:41:22,157 - stock_predictor - INFO - Data preparation completed. Final dataset: 729 samples, 46 features
2025-08-17 09:41:22,158 - stock_predictor - INFO - Data splits - Train: 510, Val: 109, Test: 110
2025-08-17 09:41:22,158 - stock_predictor - INFO - Starting model training
2025-08-17 09:41:22,158 - stock_predictor - INFO - Training arima model
2025-08-17 09:41:22,159 - stock_predictor.models.hyperparameters - INFO - Hyperparameters saved for arima
2025-08-17 09:41:22,159 - stock_predictor.models.arima - INFO - Updated hyperparameters for arima
2025-08-17 09:41:22,159 - stock_predictor.models.arima - INFO - Starting training for arima
2025-08-17 09:41:22,159 - stock_predictor.models.arima - INFO - Auto-selecting ARIMA order...
2025-08-17 09:41:22,160 - stock_predictor.models.arima - INFO - Starting auto ARIMA order selection
2025-08-17 09:41:23,194 - stock_predictor.models.arima - INFO - Best ARIMA order: (0, 1, 1), seasonal: None, AIC: 2453.80
2025-08-17 09:41:23,195 - stock_predictor.models.arima - ERROR - Training failed for arima: ARIMA model fitting failed: 'NoneType' object is not subscriptable
2025-08-17 09:41:23,195 - stock_predictor - ERROR - Failed to train arima: Training failed for arima: ARIMA model fitting failed: 'NoneType' object is not subscriptable
2025-08-17 09:41:23,195 - stock_predictor - INFO - Training lstm model
2025-08-17 09:41:23,196 - stock_predictor.models.hyperparameters - INFO - Hyperparameters saved for lstm
2025-08-17 09:41:23,196 - stock_predictor.models.lstm - INFO - Updated hyperparameters for lstm
2025-08-17 09:41:23,196 - stock_predictor.models.lstm - INFO - Starting training for lstm
2025-08-17 09:41:35,013 - stock_predictor.models.lstm - INFO - LSTM training completed. Final loss: 15682.131836
2025-08-17 09:41:35,013 - stock_predictor.models.lstm - INFO - Training completed for lstm in 11.82 seconds
2025-08-17 09:41:35,013 - stock_predictor - INFO - lstm training completed
2025-08-17 09:41:35,013 - stock_predictor - INFO - Training random_forest model
2025-08-17 09:41:35,014 - stock_predictor.models.hyperparameters - INFO - Hyperparameters saved for random_forest
2025-08-17 09:41:35,014 - stock_predictor.models.random_forest - INFO - Updated hyperparameters for random_forest
2025-08-17 09:41:35,015 - stock_predictor.models.random_forest - INFO - Starting training for random_forest
2025-08-17 09:41:35,131 - stock_predictor.models.random_forest - INFO - Random Forest training completed. Train RMSE: 1.683033
2025-08-17 09:41:35,131 - stock_predictor.models.random_forest - INFO - Validation RMSE: 14.942241
2025-08-17 09:41:35,131 - stock_predictor.models.random_forest - INFO - Training completed for random_forest in 0.12 seconds
2025-08-17 09:41:35,131 - stock_predictor - INFO - random_forest training completed
2025-08-17 09:41:35,131 - stock_predictor - INFO - Successfully trained 2 models
2025-08-17 09:41:35,132 - stock_predictor - INFO - Evaluating models
2025-08-17 09:41:35,451 - stock_predictor.evaluation.evaluator - INFO - Evaluation completed for lstm: RMSE=152.8206, MAE=152.4565, Dir_Acc=45.87%
2025-08-17 09:41:35,470 - stock_predictor.evaluation.evaluator - INFO - Evaluation completed for random_forest: RMSE=9.4744, MAE=7.1003, Dir_Acc=51.38%
2025-08-17 09:41:35,471 - stock_predictor.evaluation.evaluator - INFO - Model comparison completed for 2 models
2025-08-17 09:41:35,471 - stock_predictor - INFO - Model evaluation results:
2025-08-17 09:41:35,474 - stock_predictor - INFO - 
          mae        rmse           mse  directional_accuracy       mape    r2_score  correlation   max_error        bias  n_samples     model_name
1    7.100342    9.474447     89.765148             51.376147   3.519145    0.192386     0.620487   34.475767    4.585660        110  random_forest
0  152.456542  152.820633  23354.145934             45.871560  73.382508 -209.116403          NaN  183.381027 -152.456542        110           lstm
2025-08-17 09:41:35,474 - stock_predictor - INFO - Building ensemble
2025-08-17 09:41:35,475 - stock_predictor.ensemble.builder - INFO - Added model 'random_forest' to ensemble
2025-08-17 09:41:35,475 - stock_predictor.ensemble.builder - INFO - Added model 'lstm' to ensemble
2025-08-17 09:41:35,475 - stock_predictor.ensemble.builder - INFO - Calculated weights using inverse_error: {'random_forest': 0.9039958919249111, 'lstm': 0.09600410807508879}
2025-08-17 09:41:35,475 - stock_predictor - INFO - Ensemble built with weights: {'random_forest': 0.9039958919249111, 'lstm': 0.09600410807508879}
2025-08-17 09:41:35,475 - stock_predictor - INFO - Generating predictions for 7 future days
2025-08-17 09:41:35,545 - stock_predictor.evaluation.evaluator - INFO - Evaluation completed for ensemble: RMSE=13.4099, MAE=11.4956, Dir_Acc=51.38%
2025-08-17 09:41:35,545 - stock_predictor - INFO - Ensemble performance: RMSE=13.4099, MAE=11.4956, Directional Accuracy=51.38%
2025-08-17 09:41:35,545 - stock_predictor - INFO - Full pipeline completed successfully
