2025-08-13 11:57:00,769 - ultra_precision - INFO - generate_features:53 - Starting extreme feature engineering...
2025-08-13 11:57:00,770 - ultra_precision - INFO - generate_features:60 - Extracting micro-pattern features...
2025-08-13 11:57:00,770 - ultra_precision - INFO - extract_micro_patterns:227 - Extracting micro-pattern features...
2025-08-13 11:57:00,947 - ultra_precision - INFO - extract_micro_patterns:241 - Generated 102 micro-pattern features
2025-08-13 11:57:00,947 - ultra_precision - INFO - generate_features:64 - Extracting fractional indicator features...
2025-08-13 11:57:00,947 - ultra_precision - INFO - extract_fractional_indicators:245 - Extracting fractional indicator features...
2025-08-13 11:57:01,185 - ultra_precision - INFO - extract_fractional_indicators:259 - Generated 267 fractional indicator features
2025-08-13 11:57:01,185 - ultra_precision - INFO - generate_features:68 - Extracting advanced Bollinger Band features...
2025-08-13 11:57:01,186 - ultra_precision - INFO - extract_advanced_bollinger_features:250 - Extracting advanced Bollinger Band features...
2025-08-13 11:57:01,294 - ultra_precision - INFO - extract_advanced_bollinger_features:264 - Generated 306 Bollinger Band features
2025-08-13 11:57:01,294 - ultra_precision - INFO - generate_features:72 - Extracting multi-timeframe RSI features...
2025-08-13 11:57:01,441 - ultra_precision - INFO - generate_features:76 - Extracting advanced MACD features...
2025-08-13 11:57:01,454 - ultra_precision - INFO - generate_features:80 - Extracting market microstructure features...
2025-08-13 11:57:01,463 - ultra_precision - INFO - generate_features:84 - Extracting multi-harmonic features...
2025-08-13 11:57:01,468 - ultra_precision - INFO - generate_features:88 - Extracting volatility analysis features...
2025-08-13 11:57:01,493 - ultra_precision - INFO - generate_features:107 - Generated 843 ultra-precision features
2025-08-13 11:57:01,898 - ultra_precision - INFO - generate_features:53 - Starting extreme feature engineering...
2025-08-13 11:57:01,898 - ultra_precision - INFO - generate_features:60 - Extracting micro-pattern features...
2025-08-13 11:57:01,898 - ultra_precision - INFO - extract_micro_patterns:227 - Extracting micro-pattern features...
2025-08-13 11:57:02,010 - ultra_precision - INFO - extract_micro_patterns:241 - Generated 102 micro-pattern features
2025-08-13 11:57:02,010 - ultra_precision - INFO - generate_features:64 - Extracting fractional indicator features...
2025-08-13 11:57:02,011 - ultra_precision - INFO - extract_fractional_indicators:245 - Extracting fractional indicator features...
2025-08-13 11:57:02,206 - ultra_precision - INFO - extract_fractional_indicators:259 - Generated 267 fractional indicator features
2025-08-13 11:57:02,207 - ultra_precision - INFO - generate_features:68 - Extracting advanced Bollinger Band features...
2025-08-13 11:57:02,207 - ultra_precision - INFO - extract_advanced_bollinger_features:250 - Extracting advanced Bollinger Band features...
2025-08-13 11:57:02,305 - ultra_precision - INFO - extract_advanced_bollinger_features:264 - Generated 306 Bollinger Band features
2025-08-13 11:57:02,305 - ultra_precision - INFO - generate_features:72 - Extracting multi-timeframe RSI features...
2025-08-13 11:57:02,397 - ultra_precision - INFO - generate_features:76 - Extracting advanced MACD features...
2025-08-13 11:57:02,411 - ultra_precision - INFO - generate_features:80 - Extracting market microstructure features...
2025-08-13 11:57:02,421 - ultra_precision - INFO - generate_features:84 - Extracting multi-harmonic features...
2025-08-13 11:57:02,427 - ultra_precision - INFO - generate_features:88 - Extracting volatility analysis features...
2025-08-13 11:57:02,452 - ultra_precision - INFO - generate_features:107 - Generated 843 ultra-precision features
2025-08-13 12:00:49,709 - ultra_precision - INFO - remove_outliers:177 - Starting multi-stage outlier removal...
2025-08-13 12:00:49,710 - ultra_precision - INFO - fit_outlier_detectors:54 - Fitting outlier detection models...
2025-08-13 12:00:49,839 - ultra_precision - INFO - fit_outlier_detectors:67 - Outlier detection models fitted successfully
2025-08-13 12:00:50,092 - ultra_precision - INFO - remove_outliers:194 - Removed 782 outliers (78.20%)
2025-08-13 12:00:50,093 - ultra_precision - INFO - remove_outliers:195 - Remaining samples: 218
2025-08-13 12:00:50,096 - ultra_precision - INFO - remove_outliers:177 - Starting multi-stage outlier removal...
2025-08-13 12:00:50,097 - ultra_precision - INFO - fit_outlier_detectors:54 - Fitting outlier detection models...
2025-08-13 12:00:50,160 - ultra_precision - INFO - fit_outlier_detectors:67 - Outlier detection models fitted successfully
2025-08-13 12:00:50,277 - ultra_precision - INFO - remove_outliers:194 - Removed 403 outliers (80.60%)
2025-08-13 12:00:50,278 - ultra_precision - INFO - remove_outliers:195 - Remaining samples: 97
